<html>
<head>
<title>TestNG:  Test</title>
<link href="../testng.css" rel="stylesheet" type="text/css" />
<link href="../my-testng.css" rel="stylesheet" type="text/css" />

<style type="text/css">
.log { display: none;} 
.stack-trace { display: none;} 
</style>
<script type="text/javascript">
<!--
function flip(e) {
  current = e.style.display;
  if (current == 'block') {
    e.style.display = 'none';
    return 0;
  }
  else {
    e.style.display = 'block';
    return 1;
  }
}

function toggleBox(szDivId, elem, msg1, msg2)
{
  var res = -1;  if (document.getElementById) {
    res = flip(document.getElementById(szDivId));
  }
  else if (document.all) {
    // this is the way old msie versions work
    res = flip(document.all[szDivId]);
  }
  if(elem) {
    if(res == 0) elem.innerHTML = msg1; else elem.innerHTML = msg2;
  }

}

function toggleAllBoxes() {
  if (document.getElementsByTagName) {
    d = document.getElementsByTagName('div');
    for (i = 0; i < d.length; i++) {
      if (d[i].className == 'log') {
        flip(d[i]);
      }
    }
  }
}

// -->
</script>

</head>
<body>
<h2 align='center'>Test</h2><table border='1' align="center">
<tr>
<td>Tests passed/Failed/Skipped:</td><td>9/1/0</td>
</tr><tr>
<td>Started on:</td><td>Thu Aug 18 01:12:53 AST 2022</td>
</tr>
<tr><td>Total time:</td><td>186 seconds (186564 ms)</td>
</tr><tr>
<td>Included groups:</td><td></td>
</tr><tr>
<td>Excluded groups:</td><td></td>
</tr>
</table><p/>
<small><i>(Hover the method name to see the test class name)</i></small><p/>
<table width='100%' border='1' class='invocation-failed'>
<tr><td colspan='4' align='center'><b>FAILED TESTS</b></td></tr>
<tr><td><b>Test method</b></td>
<td width="30%"><b>Exception</b></td>
<td width="10%"><b>Time (seconds)</b></td>
<td><b>Instance</b></td>
</tr>
<tr>
<td title='testcases.TestCasesFrom14and16.TC_14()'><b>TC_14</b><br>Test class: testcases.TestCasesFrom14and16<br>Test method: Verify if the user can continue ordering the product without select the Bottle Capacity</td>
<td><div><pre>org.openqa.selenium.TimeoutException: Expected condition failed: waiting for element to be clickable: By.xpath: /html/body/div[5]/aside[2]/div[2]/header/button (tried for 30 second(s) with 500 milliseconds interval)
Build info: version: &apos;4.3.0&apos;, revision: &apos;a4995e2c09*&apos;
System info: host: &apos;MWDH-WORK2&apos;, ip: &apos;192.168.199.97&apos;, os.name: &apos;Windows 11&apos;, os.arch: &apos;amd64&apos;, os.version: &apos;10.0&apos;, java.version: &apos;17.0.3.1&apos;
Driver info: org.openqa.selenium.chrome.ChromeDriver
Capabilities {acceptInsecureCerts: false, browserName: chrome, browserVersion: 104.0.5112.81, chrome: {chromedriverVersion: 104.0.5112.79 (3cf3e8c8a07d..., userDataDir: C:\Users\lo0ol\AppData\Loca...}, goog:chromeOptions: {debuggerAddress: localhost:63229}, networkConnectionEnabled: false, pageLoadStrategy: normal, platformName: WINDOWS, proxy: Proxy(), se:cdp: ws://localhost:63229/devtoo..., se:cdpVersion: 104.0.5112.81, setWindowRect: true, strictFileInteractability: false, timeouts: {implicit: 0, pageLoad: 300000, script: 30000}, unhandledPromptBehavior: dismiss and notify, webauthn:extension:credBlob: true, webauthn:extension:largeBlob: true, webauthn:virtualAuthenticators: true}
Session ID: 702077a6e472ea06dd41d7be0a0cc042
	at org.openqa.selenium.support.ui.WebDriverWait.timeoutException(WebDriverWait.java:87)
	at org.openqa.selenium.support.ui.FluentWait.until(FluentWait.java:231)
	at testcases.TestCasesFrom14and16.TC_14(TestCasesFrom14and16.java:115)
	at java.base/java.util.concurrent.ThreadPoolExecutor.runWorker(ThreadPoolExecutor.java:1136)
	at java.base/java.util.concurrent.ThreadPoolExecutor$Worker.run(ThreadPoolExecutor.java:635)
	at java.base/java.lang.Thread.run(Thread.java:833)
... Removed 12 stack frames</pre></div><a href='#' onClick='toggleBox("stack-trace1851029121", this, "Click to show all stack frames", "Click to hide stack frames")'>Click to show all stack frames</a>
<div class='stack-trace' id='stack-trace1851029121'><pre>org.openqa.selenium.TimeoutException: Expected condition failed: waiting for element to be clickable: By.xpath: /html/body/div[5]/aside[2]/div[2]/header/button (tried for 30 second(s) with 500 milliseconds interval)
Build info: version: &apos;4.3.0&apos;, revision: &apos;a4995e2c09*&apos;
System info: host: &apos;MWDH-WORK2&apos;, ip: &apos;192.168.199.97&apos;, os.name: &apos;Windows 11&apos;, os.arch: &apos;amd64&apos;, os.version: &apos;10.0&apos;, java.version: &apos;17.0.3.1&apos;
Driver info: org.openqa.selenium.chrome.ChromeDriver
Capabilities {acceptInsecureCerts: false, browserName: chrome, browserVersion: 104.0.5112.81, chrome: {chromedriverVersion: 104.0.5112.79 (3cf3e8c8a07d..., userDataDir: C:\Users\lo0ol\AppData\Loca...}, goog:chromeOptions: {debuggerAddress: localhost:63229}, networkConnectionEnabled: false, pageLoadStrategy: normal, platformName: WINDOWS, proxy: Proxy(), se:cdp: ws://localhost:63229/devtoo..., se:cdpVersion: 104.0.5112.81, setWindowRect: true, strictFileInteractability: false, timeouts: {implicit: 0, pageLoad: 300000, script: 30000}, unhandledPromptBehavior: dismiss and notify, webauthn:extension:credBlob: true, webauthn:extension:largeBlob: true, webauthn:virtualAuthenticators: true}
Session ID: 702077a6e472ea06dd41d7be0a0cc042
	at org.openqa.selenium.support.ui.WebDriverWait.timeoutException(WebDriverWait.java:87)
	at org.openqa.selenium.support.ui.FluentWait.until(FluentWait.java:231)
	at testcases.TestCasesFrom14and16.TC_14(TestCasesFrom14and16.java:115)
	at java.base/jdk.internal.reflect.NativeMethodAccessorImpl.invoke0(Native Method)
	at java.base/jdk.internal.reflect.NativeMethodAccessorImpl.invoke(NativeMethodAccessorImpl.java:77)
	at java.base/jdk.internal.reflect.DelegatingMethodAccessorImpl.invoke(DelegatingMethodAccessorImpl.java:43)
	at java.base/java.lang.reflect.Method.invoke(Method.java:568)
	at org.testng.internal.MethodInvocationHelper.invokeMethod(MethodInvocationHelper.java:133)
	at org.testng.internal.TestInvoker.invokeMethod(TestInvoker.java:598)
	at org.testng.internal.TestInvoker.invokeTestMethod(TestInvoker.java:173)
	at org.testng.internal.MethodRunner.runInSequence(MethodRunner.java:46)
	at org.testng.internal.TestInvoker$MethodInvocationAgent.invoke(TestInvoker.java:824)
	at org.testng.internal.TestInvoker.invokeTestMethods(TestInvoker.java:146)
	at org.testng.internal.TestMethodWorker.invokeTestMethods(TestMethodWorker.java:146)
	at org.testng.internal.TestMethodWorker.run(TestMethodWorker.java:128)
	at java.base/java.util.concurrent.ThreadPoolExecutor.runWorker(ThreadPoolExecutor.java:1136)
	at java.base/java.util.concurrent.ThreadPoolExecutor$Worker.run(ThreadPoolExecutor.java:635)
	at java.base/java.lang.Thread.run(Thread.java:833)
</pre></div></td>
<td>50</td>
<td>testcases.TestCasesFrom14and16@77167fb7</td></tr>
</table><p>
<table width='100%' border='1' class='invocation-passed'>
<tr><td colspan='4' align='center'><b>PASSED TESTS</b></td></tr>
<tr><td><b>Test method</b></td>
<td width="30%"><b>Exception</b></td>
<td width="10%"><b>Time (seconds)</b></td>
<td><b>Instance</b></td>
</tr>
<tr>
<td title='testcases.TestCasesFrom1To3.TC_02()'><b>TC_02</b><br>Test class: testcases.TestCasesFrom1To3<br>Test method: Verifiy if the user cannot sign in to the website with invalid email and password</td>
<td></td>
<td>18</td>
<td>testcases.TestCasesFrom1To3@309e345f</td></tr>
<tr>
<td title='testcases.TestCasesFrom8To13.TC_13()'><b>TC_13</b><br>Test class: testcases.TestCasesFrom8To13<br>Test method:  check if the user can see the "You deleted the address." message when he deletes his address in "additional address entries" successfully.</td>
<td></td>
<td>20</td>
<td>testcases.TestCasesFrom8To13@4445629</td></tr>
<tr>
<td title='testcases.TestCasesFrom14and16.TC_16()'><b>TC_16</b><br>Test class: testcases.TestCasesFrom14and16<br>Test method: test if the user cannot continued payment without select the shipping details</td>
<td></td>
<td>21</td>
<td>testcases.TestCasesFrom14and16@77167fb7</td></tr>
<tr>
<td title='testcases.TestCasesFrom8To13.TC_08()'><b>TC_08</b><br>Test class: testcases.TestCasesFrom8To13<br>Test method: Edit Contact Information and fill all the require field then save the page.</td>
<td></td>
<td>25</td>
<td>testcases.TestCasesFrom8To13@4445629</td></tr>
<tr>
<td title='testcases.TestCasesFrom1To3.TC_03()'><b>TC_03</b><br>Test class: testcases.TestCasesFrom1To3<br>Test method: Verify if the user can open the long important notice for a long time to be able to read.</td>
<td></td>
<td>12</td>
<td>testcases.TestCasesFrom1To3@309e345f</td></tr>
<tr>
<td title='testcases.TestCasesFrom8To13.TC_12()'><b>TC_12</b><br>Test class: testcases.TestCasesFrom8To13<br>Test method:  check if the user can see the "You saved the address" message when he edits his address in "default billing address" successfully.</td>
<td></td>
<td>25</td>
<td>testcases.TestCasesFrom8To13@4445629</td></tr>
<tr>
<td title='testcases.TestCasesFrom1To3.TC_01()'><b>TC_01</b><br>Test class: testcases.TestCasesFrom1To3<br>Test method:  Verifiy if the user can sign in to the website with valid email and password</td>
<td></td>
<td>16</td>
<td>testcases.TestCasesFrom1To3@309e345f</td></tr>
<tr>
<td title='testcases.TestCasesFrom8To13.TC_10()'><b>TC_10</b><br>Test class: testcases.TestCasesFrom8To13<br>Test method: Click on change password and in current password will enter diffrent password from current password.</td>
<td></td>
<td>34</td>
<td>testcases.TestCasesFrom8To13@4445629</td></tr>
<tr>
<td title='testcases.TestCasesFrom8To13.TC_09()'><b>TC_09</b><br>Test class: testcases.TestCasesFrom8To13<br>Test method: Edit Contact Information and clear one the require field then save.</td>
<td></td>
<td>17</td>
<td>testcases.TestCasesFrom8To13@4445629</td></tr>
</table><p>
</body>
</html>