<?xml version="1.0" encoding="UTF-8"?>
<!-- Generated by org.testng.reporters.JUnitXMLReporter -->
<testsuite ignored="0" hostname="MWDH-Work2" failures="1" tests="10" name="Test" time="186.564" errors="0" timestamp="2022-08-18T01:16:00 AST">
  <testcase classname="testcases.TestCasesFrom1To3" name="TC_03" time="12.388"/>
  <testcase classname="testcases.TestCasesFrom8To13" name="TC_08" time="25.598"/>
  <testcase classname="testcases.TestCasesFrom1To3" name="TC_02" time="18.539"/>
  <testcase classname="testcases.TestCasesFrom8To13" name="TC_09" time="17.859"/>
  <testcase classname="testcases.TestCasesFrom14and16" name="TC_14" time="50.519">
    <failure type="org.openqa.selenium.TimeoutException" message="Expected condition failed: waiting for element to be clickable: By.xpath: /html/body/div[5]/aside[2]/div[2]/header/button (tried for 30 second(s) with 500 milliseconds interval)
Build info: version: &amp;apos;4.3.0&amp;apos;, revision: &amp;apos;a4995e2c09*&amp;apos;
System info: host: &amp;apos;MWDH-WORK2&amp;apos;, ip: &amp;apos;192.168.199.97&amp;apos;, os.name: &amp;apos;Windows 11&amp;apos;, os.arch: &amp;apos;amd64&amp;apos;, os.version: &amp;apos;10.0&amp;apos;, java.version: &amp;apos;17.0.3.1&amp;apos;
Driver info: org.openqa.selenium.chrome.ChromeDriver
Capabilities {acceptInsecureCerts: false, browserName: chrome, browserVersion: 104.0.5112.81, chrome: {chromedriverVersion: 104.0.5112.79 (3cf3e8c8a07d..., userDataDir: C:\Users\lo0ol\AppData\Loca...}, goog:chromeOptions: {debuggerAddress: localhost:63229}, networkConnectionEnabled: false, pageLoadStrategy: normal, platformName: WINDOWS, proxy: Proxy(), se:cdp: ws://localhost:63229/devtoo..., se:cdpVersion: 104.0.5112.81, setWindowRect: true, strictFileInteractability: false, timeouts: {implicit: 0, pageLoad: 300000, script: 30000}, unhandledPromptBehavior: dismiss and notify, webauthn:extension:credBlob: true, webauthn:extension:largeBlob: true, webauthn:virtualAuthenticators: true}
Session ID: 702077a6e472ea06dd41d7be0a0cc042">
      <![CDATA[org.openqa.selenium.TimeoutException: Expected condition failed: waiting for element to be clickable: By.xpath: /html/body/div[5]/aside[2]/div[2]/header/button (tried for 30 second(s) with 500 milliseconds interval)
Build info: version: '4.3.0', revision: 'a4995e2c09*'
System info: host: 'MWDH-WORK2', ip: '192.168.199.97', os.name: 'Windows 11', os.arch: 'amd64', os.version: '10.0', java.version: '17.0.3.1'
Driver info: org.openqa.selenium.chrome.ChromeDriver
Capabilities {acceptInsecureCerts: false, browserName: chrome, browserVersion: 104.0.5112.81, chrome: {chromedriverVersion: 104.0.5112.79 (3cf3e8c8a07d..., userDataDir: C:\Users\lo0ol\AppData\Loca...}, goog:chromeOptions: {debuggerAddress: localhost:63229}, networkConnectionEnabled: false, pageLoadStrategy: normal, platformName: WINDOWS, proxy: Proxy(), se:cdp: ws://localhost:63229/devtoo..., se:cdpVersion: 104.0.5112.81, setWindowRect: true, strictFileInteractability: false, timeouts: {implicit: 0, pageLoad: 300000, script: 30000}, unhandledPromptBehavior: dismiss and notify, webauthn:extension:credBlob: true, webauthn:extension:largeBlob: true, webauthn:virtualAuthenticators: true}
Session ID: 702077a6e472ea06dd41d7be0a0cc042
at org.openqa.selenium.support.ui.WebDriverWait.timeoutException(WebDriverWait.java:87)
at org.openqa.selenium.support.ui.FluentWait.until(FluentWait.java:231)
at testcases.TestCasesFrom14and16.TC_14(TestCasesFrom14and16.java:115)
at java.base/java.util.concurrent.ThreadPoolExecutor.runWorker(ThreadPoolExecutor.java:1136)
at java.base/java.util.concurrent.ThreadPoolExecutor$Worker.run(ThreadPoolExecutor.java:635)
at java.base/java.lang.Thread.run(Thread.java:833)
... Removed 12 stack frames]]>
    </failure>
  </testcase> <!-- TC_14 -->
  <testcase classname="testcases.TestCasesFrom1To3" name="TC_01" time="16.324"/>
  <testcase classname="testcases.TestCasesFrom14and16" name="TC_16" time="21.58"/>
  <testcase classname="testcases.TestCasesFrom8To13" name="TC_10" time="34.186"/>
  <testcase classname="testcases.TestCasesFrom8To13" name="TC_12" time="25.9"/>
  <testcase classname="testcases.TestCasesFrom8To13" name="TC_13" time="20.991"/>
</testsuite> <!-- Test -->
